Arguments: 
  /usr/local/bin/node /usr/local/bin/yarn install

PATH: 
  /usr/local/bin:/usr/bin:/bin:/usr/sbin:/sbin:/usr/local/git/bin

Yarn version: 
  1.6.0

Node version: 
  11.2.0

Platform: 
  darwin x64

Trace: 
  Error: https://registry.yarnpkg.com/bootstrap: ETIMEDOUT
      at Timeout._onTimeout (/usr/local/lib/node_modules/yarn/lib/cli.js:133819:19)
      at listOnTimeout (timers.js:324:15)
      at processTimers (timers.js:268:5)

npm manifest: 
  {
    "private": true,
    "engines": {
      "node": ">=4"
    },
    "dependencies": {
      
      "bootstrap": "^4.1.3",
      
      
      "jquery": "^3.3.1",
      
      
      "modernizr": "^3.6.0",
      
      
      "popper.js": "^1.14.6"
      
    },
    "devDependencies": {
      "@babel/core": "^7.1.2",
      "@babel/preset-env": "^7.1.0",
      "autoprefixer": "^9.4.4",
      "browser-sync": "^2.2.1",
      "cross-env": "^5.2.0",
      "cssnano": "^4.1.7",
      "del": "^3.0.0",
      "gulp": "^4.0.0",
      "gulp-babel": "^8.0.0",
      "gulp-cli": "^2.0.1",
      "gulp-eslint": "^5.0.0",
      
      "gulp-filter": "^5.1.0",
      
      "gulp-htmlmin": "^5.0.1",
      "gulp-if": "^2.0.2",
      "gulp-imagemin": "^5.0.3",
      "gulp-load-plugins": "^1.2.4",
      "gulp-plumber": "^1.0.1",
      "gulp-postcss": "^8.0.0",
      
      "gulp-sass": "^4.0.2",
      
      "gulp-size": "^3.0.0",
      "gulp-sourcemaps": "^2.2.0",
      "gulp-uglify": "^3.0.1",
      "gulp-useref": "^3.0.0",
      "mocha": "^5.2.0",
      "yargs": "12.0.5"
    },
    "scripts": {
      
      "build:modernizr": "modernizr -c modernizr.json -d app/scripts/modernizr.js",
      "serve:test": "npm run build:modernizr && cross-env NODE_ENV=test gulp serve",
      "serve:dist": "npm run build:modernizr && cross-env NODE_ENV=production gulp serve",
      "start": "npm run build:modernizr && gulp serve",
      
      
      "build": "cross-env NODE_ENV=production gulp",
      "test": "npm run serve:test",
      "tasks": "gulp --tasks"
    },
    "browserslist": [
      "> 1%",
      "last 2 versions",
      "Firefox ESR"
    ],
    "eslintConfig": {
      "parserOptions": {
        "sourceType": "module"
      },
      "env": {
        "es6": true,
        "node": true,
        "browser": true
        ,
        "jquery": true
        
      },
      "rules": {
        "quotes": [
          2,
          "single"
        ]
      }
    }
  }

yarn manifest: 
  No manifest

Lockfile: 
  No lockfile
